{
  "stats": {
    "suites": 1,
    "tests": 1,
    "passes": 1,
    "pending": 0,
    "failures": 0,
    "start": "2021-02-17T20:24:51.038Z",
    "end": "2021-02-17T20:25:06.300Z",
    "duration": 15262,
    "testsRegistered": 1,
    "passPercent": 100,
    "pendingPercent": 0,
    "other": 0,
    "hasOther": false,
    "skipped": 0,
    "hasSkipped": false
  },
  "results": [
    {
      "uuid": "685ebabd-b134-4795-812d-6c80d768281a",
      "title": "",
      "fullFile": "cypress/integration/Register/register.spec.js",
      "file": "cypress/integration/Register/register.spec.js",
      "beforeHooks": [],
      "afterHooks": [],
      "tests": [],
      "suites": [
        {
          "uuid": "c131f8a5-d297-48e3-b1fc-50306a55ab2b",
          "title": "Register",
          "fullFile": "",
          "file": "",
          "beforeHooks": [],
          "afterHooks": [],
          "tests": [
            {
              "title": "Registering new user",
              "fullTitle": "Register Registering new user",
              "timedOut": null,
              "duration": 15174,
              "state": "passed",
              "speed": "slow",
              "pass": true,
              "fail": false,
              "pending": false,
              "context": null,
              "code": "var first = chance.first();\nvar last = chance.last();\ncy.visit('index.php');\ncy.get('a[class=login]').click();\ncy.get('input#email_create').type(chance.email());\ncy.get('button#SubmitCreate').click();\ncy.get('input#id_gender1').check();\ncy.get('input#customer_firstname').type(first);\ncy.get('input#customer_lastname').type(last);\ncy.get('input#passwd').type('Test@123');\ncy.get('select#days').select('10');\ncy.get('select#months').select('March');\ncy.get('select#years').select('1990');\ncy.get('input#newsletter').check();\ncy.get('input#optin').check();\ncy.get('input#address1').type(chance.address());\ncy.get('input#city').type(chance.city());\ncy.get('select#id_state').select('Indiana');\ncy.get('input#postcode').type(chance.zip());\ncy.get('input#phone_mobile').type(chance.phone());\ncy.get('input#alias').type('Home');\ncy.get('button#submitAccount').click();\ncy.url().should('contain', 'my-account');\ncy.get('p[class^=info]').should('contain.text', 'Welcome to your account');",
              "err": {},
              "uuid": "70186f0c-9f42-493b-83f5-74377e6fa3b2",
              "parentUUID": "c131f8a5-d297-48e3-b1fc-50306a55ab2b",
              "isHook": false,
              "skipped": false
            }
          ],
          "suites": [],
          "passes": [
            "70186f0c-9f42-493b-83f5-74377e6fa3b2"
          ],
          "failures": [],
          "pending": [],
          "skipped": [],
          "duration": 15174,
          "root": false,
          "rootEmpty": false,
          "_timeout": 2000
        }
      ],
      "passes": [],
      "failures": [],
      "pending": [],
      "skipped": [],
      "duration": 0,
      "root": true,
      "rootEmpty": true,
      "_timeout": 2000
    }
  ],
  "meta": {
    "mocha": {
      "version": "7.0.1"
    },
    "mochawesome": {
      "options": {
        "quiet": true,
        "reportFilename": "mochawesome",
        "saveHtml": false,
        "saveJson": true,
        "consoleReporter": "spec",
        "useInlineDiffs": false,
        "code": true
      },
      "version": "6.2.1"
    },
    "marge": {
      "options": {
        "id": "default",
        "reportDir": "mochawesome-report",
        "quiet": true,
        "overwrite": false,
        "html": false,
        "json": true
      },
      "version": "5.1.0"
    }
  }
}